-------------------------------------------------------------------------------
Test set: com.ShevVvik.SNET.SnetApplicationTests
-------------------------------------------------------------------------------
Tests run: 1, Failures: 0, Errors: 1, Skipped: 0, Time elapsed: 1.578 s <<< FAILURE! - in com.ShevVvik.SNET.SnetApplicationTests
initializationError(com.ShevVvik.SNET.SnetApplicationTests)  Time elapsed: 0.007 s  <<< ERROR!
java.lang.IllegalStateException: Unable to find a @SpringBootConfiguration, you need to use @ContextConfiguration or @SpringBootTest(classes=...) with your test

