<?xml version="1.0" encoding="UTF-8"?>
<testsuite xmlns:xsi="http://www.w3.org/2001/XMLSchema-instance" xsi:noNamespaceSchemaLocation="https://maven.apache.org/surefire/maven-surefire-plugin/xsd/surefire-test-report.xsd" name="com.ShevVvik.SNET.SnetApplicationTests" time="1.578" tests="1" errors="1" skipped="0" failures="0">
  <properties>
[...]
</properties>
  <testcase name="initializationError" classname="com.ShevVvik.SNET.SnetApplicationTests" time="0.007">
    <error message="Unable to find a @SpringBootConfiguration, you need to use @ContextConfiguration or @SpringBootTest(classes=...) with your test" type="java.lang.IllegalStateException">java.lang.IllegalStateException: Unable to find a @SpringBootConfiguration, you need to use @ContextConfiguration or @SpringBootTest(classes=...) with your test
</error>
    <system-out><![CDATA[18:45:29.561 [main] DEBUG org.springframework.test.context.junit4.SpringJUnit4ClassRunner - SpringJUnit4ClassRunner constructor called with [class com.ShevVvik.SNET.SnetApplicationTests]
18:45:29.605 [main] DEBUG org.springframework.test.context.BootstrapUtils - Instantiating CacheAwareContextLoaderDelegate from class [org.springframework.test.context.cache.DefaultCacheAwareContextLoaderDelegate]
18:45:29.623 [main] DEBUG org.springframework.test.context.BootstrapUtils - Instantiating BootstrapContext using constructor [public org.springframework.test.context.support.DefaultBootstrapContext(java.lang.Class,org.springframework.test.context.CacheAwareContextLoaderDelegate)]
18:45:29.645 [main] DEBUG org.springframework.test.context.BootstrapUtils - Instantiating TestContextBootstrapper for test class [com.ShevVvik.SNET.SnetApplicationTests] from class [org.springframework.boot.test.context.SpringBootTestContextBootstrapper]
18:45:29.780 [main] INFO org.springframework.boot.test.context.SpringBootTestContextBootstrapper - Neither @ContextConfiguration nor @ContextHierarchy found for test class [com.ShevVvik.SNET.SnetApplicationTests], using SpringBootContextLoader
18:45:29.798 [main] DEBUG org.springframework.test.context.support.AbstractContextLoader - Did not detect default resource location for test class [com.ShevVvik.SNET.SnetApplicationTests]: class path resource [com/ShevVvik/SNET/SnetApplicationTests-context.xml] does not exist
18:45:29.799 [main] DEBUG org.springframework.test.context.support.AbstractContextLoader - Did not detect default resource location for test class [com.ShevVvik.SNET.SnetApplicationTests]: class path resource [com/ShevVvik/SNET/SnetApplicationTestsContext.groovy] does not exist
18:45:29.799 [main] INFO org.springframework.test.context.support.AbstractContextLoader - Could not detect default resource locations for test class [com.ShevVvik.SNET.SnetApplicationTests]: no resource found for suffixes {-context.xml, Context.groovy}.
18:45:29.802 [main] INFO org.springframework.test.context.support.AnnotationConfigContextLoaderUtils - Could not detect default configuration classes for test class [com.ShevVvik.SNET.SnetApplicationTests]: SnetApplicationTests does not declare any static, non-private, non-final, nested classes annotated with @Configuration.
18:45:30.072 [main] DEBUG org.springframework.test.context.support.ActiveProfilesUtils - Could not find an 'annotation declaring class' for annotation type [org.springframework.test.context.ActiveProfiles] and class [com.ShevVvik.SNET.SnetApplicationTests]
]]></system-out>
  </testcase>
</testsuite>